[2025-05-13T11:17:20.574Z] [GET ALL] | {"table":"Posts"}
[2025-05-13T11:17:20.581Z] [GET ALL] | {"table":"Posts","query":{"userId":"10","table":"Posts"}}
[2025-05-13T11:17:20.601Z] [GET ALL] | {"table":"Posts"}
[2025-05-13T11:17:20.606Z] [GET ALL] | {"table":"Posts","query":{"userId":"10","table":"Posts"}}
[2025-05-13T11:30:56.077Z] [POST] | {"username":"Destin.Champlin36","password":"ytfC1r7K7tslfau"}
[2025-05-13T11:31:01.764Z] [GET ALL] | {"table":"Posts","query":{"userId":"10","table":"Posts"}}
[2025-05-13T11:31:01.780Z] [GET ALL] | {"table":"Posts"}
[2025-05-13T11:31:01.821Z] [GET ALL] | {"table":"Posts","query":{"userId":"10","table":"Posts"}}
[2025-05-13T11:31:01.838Z] [GET ALL] | {"table":"Posts"}
[2025-05-13T11:31:07.251Z] [GET ALL] | {"table":"Todos","query":{"userId":"10","table":"Todos"}}
[2025-05-13T11:31:07.276Z] [GET ALL] | {"table":"Todos","query":{"userId":"10","table":"Todos"}}
[2025-05-13T11:31:51.363Z] [POST] | {"username":"Destin.Champlin36","password":"ytfC1r7K7tslfau"}
[2025-05-13T11:31:53.688Z] [GET ALL] | {"table":"Todos","query":{"userId":"10","table":"Todos"}}
[2025-05-13T11:31:53.709Z] [GET ALL] | {"table":"Todos","query":{"userId":"10","table":"Todos"}}
[2025-05-13T11:32:10.864Z] [GET ALL] | {"table":"Posts","query":{"userId":"10","table":"Posts"}}
[2025-05-13T11:32:10.880Z] [GET ALL] | {"table":"Posts"}
[2025-05-13T11:32:10.926Z] [GET ALL] | {"table":"Posts","query":{"userId":"10","table":"Posts"}}
[2025-05-13T11:32:10.935Z] [GET ALL] | {"table":"Posts"}
[2025-05-13T11:32:59.500Z] [GET ALL] | {"table":"Posts","query":{"userId":"10","table":"Posts"}}
[2025-05-13T11:32:59.508Z] [GET ALL] | {"table":"Posts"}
[2025-05-13T11:32:59.532Z] [GET ALL] | {"table":"Posts","query":{"userId":"10","table":"Posts"}}
[2025-05-13T11:32:59.541Z] [GET ALL] | {"table":"Posts"}
[2025-05-13T11:33:28.454Z] [GET ALL] | {"table":"Posts","query":{"userId":"10","table":"Posts"}}
[2025-05-13T11:33:28.460Z] [GET ALL] | {"table":"Posts"}
[2025-05-13T11:33:28.473Z] [GET ALL] | {"table":"Posts","query":{"userId":"10","table":"Posts"}}
[2025-05-13T11:33:28.480Z] [GET ALL] | {"table":"Posts"}
[2025-05-13T11:33:38.312Z] [GET ALL] | {"table":"Posts"}
[2025-05-13T11:33:38.306Z] [GET ALL] | {"table":"Posts","query":{"userId":"10","table":"Posts"}}
[2025-05-13T11:33:38.326Z] [GET ALL] | {"table":"Posts","query":{"userId":"10","table":"Posts"}}
[2025-05-13T11:33:38.332Z] [GET ALL] | {"table":"Posts"}
[2025-05-13T11:33:42.084Z] [GET ALL] | {"table":"Posts","query":{"userId":"10","table":"Posts"}}
[2025-05-13T11:33:42.093Z] [GET ALL] | {"table":"Posts"}
[2025-05-13T11:33:42.110Z] [GET ALL] | {"table":"Posts","query":{"userId":"10","table":"Posts"}}
[2025-05-13T11:33:42.123Z] [GET ALL] | {"table":"Posts"}
[2025-05-13T11:33:45.919Z] [GET ALL] | {"table":"Posts"}
[2025-05-13T11:33:45.910Z] [GET ALL] | {"table":"Posts","query":{"userId":"10","table":"Posts"}}
[2025-05-13T11:33:45.940Z] [GET ALL] | {"table":"Posts","query":{"userId":"10","table":"Posts"}}
[2025-05-13T11:33:45.951Z] [GET ALL] | {"table":"Posts"}
[2025-05-13T11:33:50.589Z] [GET ALL] | {"table":"Posts","query":{"userId":"10","table":"Posts"}}
[2025-05-13T11:33:50.612Z] [GET ALL] | {"table":"Posts"}
[2025-05-13T11:33:50.619Z] [GET ALL] | {"table":"Posts","query":{"userId":"10","table":"Posts"}}
[2025-05-13T11:33:50.639Z] [GET ALL] | {"table":"Posts"}
[2025-05-13T11:33:52.538Z] [GET ALL] | {"table":"Posts","query":{"userId":"10","table":"Posts"}}
[2025-05-13T11:33:52.548Z] [GET ALL] | {"table":"Posts"}
[2025-05-13T11:33:52.561Z] [GET ALL] | {"table":"Posts","query":{"userId":"10","table":"Posts"}}
[2025-05-13T11:33:52.569Z] [GET ALL] | {"table":"Posts"}
[2025-05-13T11:34:00.522Z] [GET ALL] | {"table":"Posts","query":{"userId":"10","table":"Posts"}}
[2025-05-13T11:34:00.531Z] [GET ALL] | {"table":"Posts"}
[2025-05-13T11:34:00.547Z] [GET ALL] | {"table":"Posts","query":{"userId":"10","table":"Posts"}}
[2025-05-13T11:34:00.554Z] [GET ALL] | {"table":"Posts"}
[2025-05-13T11:34:04.133Z] [GET ALL] | {"table":"Posts","query":{"userId":"10","table":"Posts"}}
[2025-05-13T11:34:04.143Z] [GET ALL] | {"table":"Posts"}
[2025-05-13T11:34:04.156Z] [GET ALL] | {"table":"Posts","query":{"userId":"10","table":"Posts"}}
[2025-05-13T11:34:04.162Z] [GET ALL] | {"table":"Posts"}
[2025-05-13T11:34:12.876Z] [GET ALL] | {"table":"Posts","query":{"userId":"10","table":"Posts"}}
[2025-05-13T11:34:12.883Z] [GET ALL] | {"table":"Posts"}
[2025-05-13T11:34:12.899Z] [GET ALL] | {"table":"Posts","query":{"userId":"10","table":"Posts"}}
[2025-05-13T11:34:12.914Z] [GET ALL] | {"table":"Posts"}
[2025-05-13T11:34:37.642Z] [GET ALL] | {"table":"Posts","query":{"userId":"10","table":"Posts"}}
[2025-05-13T11:34:37.654Z] [GET ALL] | {"table":"Posts"}
[2025-05-13T11:34:37.687Z] [GET ALL] | {"table":"Posts","query":{"userId":"10","table":"Posts"}}
[2025-05-13T11:34:37.698Z] [GET ALL] | {"table":"Posts"}
[2025-05-13T11:38:53.481Z] [GET ALL] | {"table":"Posts","query":{"userId":"10","table":"Posts"}}
[2025-05-13T11:38:53.488Z] [GET ALL] | {"table":"Posts"}
[2025-05-13T11:38:53.506Z] [GET ALL] | {"table":"Posts","query":{"userId":"10","table":"Posts"}}
[2025-05-13T11:38:53.514Z] [GET ALL] | {"table":"Posts"}
[2025-05-13T11:38:57.128Z] [GET ALL] | {"table":"Posts","query":{"userId":"10","table":"Posts"}}
[2025-05-13T11:38:57.146Z] [GET ALL] | {"table":"Posts"}
[2025-05-13T11:38:57.151Z] [GET ALL] | {"table":"Posts","query":{"userId":"10","table":"Posts"}}
[2025-05-13T11:38:57.169Z] [GET ALL] | {"table":"Posts"}
[2025-05-13T11:38:57.563Z] [GET ALL] | {"table":"Posts","query":{"userId":"10","table":"Posts"}}
[2025-05-13T11:38:57.567Z] [GET ALL] | {"table":"Posts"}
[2025-05-13T11:38:57.576Z] [GET ALL] | {"table":"Posts","query":{"userId":"10","table":"Posts"}}
[2025-05-13T11:38:57.580Z] [GET ALL] | {"table":"Posts"}
[2025-05-13T11:39:44.307Z] [POST] | {"username":"Destin.Champlin36","password":"ytfC1r7K7tslfau"}
[2025-05-13T11:39:47.903Z] [GET ALL] | {"table":"Posts","query":{"userId":"10","table":"Posts"}}
[2025-05-13T11:39:47.912Z] [GET ALL] | {"table":"Posts"}
[2025-05-13T11:39:47.954Z] [GET ALL] | {"table":"Posts","query":{"userId":"10","table":"Posts"}}
[2025-05-13T11:39:47.969Z] [GET ALL] | {"table":"Posts"}
[2025-05-13T11:39:49.206Z] [GET ALL] | {"table":"Todos","query":{"userId":"10","table":"Todos"}}
[2025-05-13T11:39:49.228Z] [GET ALL] | {"table":"Todos","query":{"userId":"10","table":"Todos"}}
[2025-05-13T11:44:33.604Z] [POST] | {"username":"Destin.Champlin36","password":"ytfC1r7K7tslfau"}
[2025-05-13T11:48:21.030Z] [POST] | {"username":"Destin.Champlin36","password":"ytfC1r7K7tslfau"}
[2025-05-13T11:49:59.590Z] [POST] | {"username":"Destin.Champlin36","password":"ytfC1r7K7tslfau"}
[2025-05-13T11:50:16.367Z] [POST] | {"username":"Destin.Champlin36","password":"ytfC1r7K7tslfau"}
[2025-05-13T11:54:11.509Z] [POST] | {"username":"Destin.Champlin36","password":"ytfC1r7K7tslfau"}
[2025-05-13T11:54:17.342Z] [GET ALL] | {"table":"Posts","query":{"userId":"10","table":"Posts"}}
[2025-05-13T11:54:17.358Z] [GET ALL] | {"table":"Posts"}
[2025-05-13T11:54:17.407Z] [GET ALL] | {"table":"Posts","query":{"userId":"10","table":"Posts"}}
[2025-05-13T11:54:17.424Z] [GET ALL] | {"table":"Posts"}
[2025-05-13T11:54:19.671Z] [GET ALL] | {"table":"Todos","query":{"userId":"10","table":"Todos"}}
[2025-05-13T11:54:19.700Z] [GET ALL] | {"table":"Todos","query":{"userId":"10","table":"Todos"}}
[2025-05-13T11:55:59.813Z] [POST] | {"username":"Destin.Champlin36","password":"ytfC1r7K7tslfau"}
[2025-05-13T11:56:42.026Z] [GET ALL] | {"table":"Posts","query":{"userId":"10","table":"Posts"}}
[2025-05-13T11:56:42.044Z] [GET ALL] | {"table":"Posts"}
[2025-05-13T11:56:42.094Z] [GET ALL] | {"table":"Posts","query":{"userId":"10","table":"Posts"}}
[2025-05-13T11:56:42.107Z] [GET ALL] | {"table":"Posts"}
[2025-05-13T11:56:55.874Z] [GET ALL] | {"table":"Todos","query":{"userId":"10","table":"Todos"}}
[2025-05-13T11:56:55.909Z] [GET ALL] | {"table":"Todos","query":{"userId":"10","table":"Todos"}}
[2025-05-13T11:58:52.618Z] [POST] | {"username":"Destin.Champlin36","password":"ytfC1r7K7tslfau"}
[2025-05-13T11:59:01.539Z] [GET ALL] | {"table":"Todos","query":{"userId":"10","table":"Todos"}}
[2025-05-13T11:59:01.564Z] [GET ALL] | {"table":"Todos","query":{"userId":"10","table":"Todos"}}
[2025-05-29T09:09:43.236Z] [POST] | {"userData":{"username":"avidavid","email":"avigaildvd@gmail.com","password":"111111","verifyPassword":"111111","role":"volunteer","details":{"id":"328227442","birthDate":"25.01.2005","sector":"חרדי","gender":"נקבה","address":"אהרון אשכולי 112/8","phone":"0583210118","helpType":["שמירה"],"availability":["צהריים"],"name":"avidavid","email":"avigaildvd@gmail.com"}}}
[2025-05-29T09:14:17.457Z] [POST] | {"userData":{"username":"avidavid","email":"avigaildvd@gmail.com","password":"111111","verifyPassword":"111111","role":"volunteer","details":{"id":"328227442","name":"avidavid","email":"avigaildvd@gmail.com","birthDate":"25.01.2005","gender":"זכר","sector":"חרדי","phone":"0583210118","address":"אהרון אשכולי 112/8","image":{},"helpType":["ביקור"],"availability":["צהריים"],"notifications":false}}}
[2025-05-29T09:17:17.793Z] [POST] | {"userData":{"username":"avidavid","email":"avigaildvd@gmail.com","password":"111111","verifyPassword":"111111","role":"volunteer","details":{"address":"אהרון אשכולי 112/8","phone":"0583210118","image":{"0":{}},"availability":["ערב"],"id":"328227442","birthDate":"25.01.2005","name":"avidavid","sector":"חרדי","gender":"זכר","helpType":["ביקור"],"email":"avigaildvd@gmail.com"}}}
[2025-05-29T09:18:37.582Z] [POST] | {"userData":{"username":"avidavid","email":"avigaildvd@gmail.com","password":"111111","verifyPassword":"111111","role":"volunteer","details":{"id":"328227442","name":"avidavid","email":"avigaildvd@gmail.com","birthDate":"25.01.2005","gender":"זכר","sector":"חרדי","phone":"0583210118","address":"אהרון אשכולי 112/8","image":{},"helpType":["ביקור"],"availability":["צהריים"],"notifications":false}}}
[2025-05-29T09:19:48.081Z] [POST] | {"userData":{"username":"avidavid","email":"avigaildvd@gmail.com","password":"111111","verifyPassword":"111111","role":"volunteer","details":{"id":"328227442","name":"avidavid","email":"avigaildvd@gmail.com","birthDate":"25.01.2005","gender":"זכר","sector":"חרדי","phone":"0583210118","address":"אהרון אשכולי 112/8","image":{"0":{}},"helpType":["ביקור"],"availability":["צהריים"],"notifications":false}}}
[2025-05-29T09:21:04.401Z] [POST] | {"userData":{"username":"Bret","email":"avigaildvd@gmail.com","password":"111111","verifyPassword":"111111","role":"volunteer","details":{"id":"328227442","name":"Bret","email":"avigaildvd@gmail.com","birthDate":"25.01.2005","gender":"זכר","sector":"חרדי","phone":"0583210118","address":"אהרון אשכולי 112/8","image":{"0":{}},"helpType":["ביקור"],"availability":["בוקר"],"notifications":false}}}
[2025-05-29T09:27:14.986Z] [POST] | {"userData":{"username":"avidavid","email":"avigaildvd@gmail.com","password":"111111","verifyPassword":"111111","role":"volunteer","details":{"id":"328115522","name":"avidavid","email":"avigaildvd@gmail.com","birthDate":"25.01.2005","gender":"זכר","sector":"חרדי","phone":"0583210118","address":"אהרון אשכולי 112/8","image":{"0":{}},"helpType":["ביקור"],"availability":["בוקר"],"notifications":false}}}
[2025-05-29T09:30:51.912Z] [POST] | {"userData":{"username":"avidavid","email":"avigaildvd@gmail.com","password":"111111","verifyPassword":"111111","role":"volunteer","details":{"id":"328227442","name":"avidavid","email":"avigaildvd@gmail.com","birthDate":"25.01.2005","gender":"זכר","sector":"חרדי","phone":"0583210118","address":"אהרון אשכולי 112/8","image":{"0":{}},"helpType":["ביקור"],"availability":["ערב"],"notifications":false}}}
[2025-05-29T09:36:25.179Z] [POST] | {"userData":{"username":"avidavid","email":"avigaildvd@gmail.com","password":"111111","verifyPassword":"111111","role":"volunteer","details":{"id":"328227442","name":"avidavid","email":"avigaildvd@gmail.com","birthDate":"25.01.2005","gender":"זכר","sector":"חרדי","phone":"0583210118","address":"אהרון אשכולי 112/8","image":{"0":{}},"helpType":["ביקור"],"availability":["ערב"],"notifications":false}}}
[2025-05-29T09:38:50.370Z] [POST] | {}
[2025-05-29T09:41:12.529Z] [POST] | {"userData":{"username":"avidavid","email":"avigaildvd@gmail.com","password":"111111","verifyPassword":"111111","role":"volunteer","details":{"id":"328227442","name":"avidavid","email":"avigaildvd@gmail.com","birthDate":"25.01.2005","gender":"זכר","sector":"חרדי","phone":"0583210118","address":"אהרון אשכולי 112/8","image":{"0":{}},"helpType":false,"availability":["צהריים"],"notifications":false}}}
[2025-05-29T09:50:04.150Z] [POST] | {"userData":{"fullName":"Avigail David","email":"avigaildvd@gmail.com","password":"111111","verifyPassword":"111111","role":"volunteer","details":{"id":"328227442","name":"Avigail David","email":"avigaildvd@gmail.com","birthDate":"25.01.2005","gender":"זכר","sector":"דתי","phone":"0583210118","address":"אהרון אשכולי 112/8","image":{"0":{}},"helpType":["שמירה"],"availability":["צהריים"],"notifications":false}}}
